2018/08/23-11:21 [restartedMain] INFO  com.tw.RunVideoServer- Starting RunVideoServer on DS-TS-0239 with PID 5812 (E:\environment\eclipseWorkspace\VideoServer\target\classes started by ex-liutianwen in E:\environment\eclipseWorkspace\VideoServer)
2018/08/23-11:21 [restartedMain] INFO  com.tw.RunVideoServer- No active profile set, falling back to default profiles: default
2018/08/23-11:21 [restartedMain] INFO  org.springframework.boot.web.servlet.context.AnnotationConfigServletWebServerApplicationContext- Refreshing org.springframework.boot.web.servlet.context.AnnotationConfigServletWebServerApplicationContext@1792b091: startup date [Thu Aug 23 11:21:33 CST 2018]; root of context hierarchy
2018/08/23-11:21 [restartedMain] INFO  org.springframework.context.support.PostProcessorRegistrationDelegate$BeanPostProcessorChecker- Bean 'org.springframework.ws.config.annotation.DelegatingWsConfiguration' of type [org.springframework.ws.config.annotation.DelegatingWsConfiguration$$EnhancerBySpringCGLIB$$b1d8db6e] is not eligible for getting processed by all BeanPostProcessors (for example: not eligible for auto-proxying)
2018/08/23-11:21 [restartedMain] INFO  org.springframework.ws.soap.addressing.server.AnnotationActionEndpointMapping- Supporting [WS-Addressing August 2004, WS-Addressing 1.0]
2018/08/23-11:21 [restartedMain] INFO  org.springframework.boot.web.embedded.tomcat.TomcatWebServer- Tomcat initialized with port(s): 1010 (http)
2018/08/23-11:21 [restartedMain] INFO  org.apache.catalina.core.StandardService- Starting service [Tomcat]
2018/08/23-11:21 [restartedMain] INFO  org.apache.catalina.core.StandardEngine- Starting Servlet Engine: Apache Tomcat/8.5.32
2018/08/23-11:21 [localhost-startStop-1] INFO  org.apache.jasper.servlet.TldScanner- At least one JAR was scanned for TLDs yet contained no TLDs. Enable debug logging for this logger for a complete list of JARs that were scanned but no TLDs were found in them. Skipping unneeded JARs during scanning can improve startup time and JSP compilation time.
2018/08/23-11:21 [localhost-startStop-1] INFO  org.apache.catalina.core.ContainerBase.[Tomcat].[localhost].[/]- Initializing Spring embedded WebApplicationContext
2018/08/23-11:21 [localhost-startStop-1] INFO  org.springframework.web.context.ContextLoader- Root WebApplicationContext: initialization completed in 789 ms
2018/08/23-11:21 [localhost-startStop-1] INFO  org.springframework.boot.web.servlet.ServletRegistrationBean- Servlet dispatcherServlet mapped to [/]
2018/08/23-11:21 [localhost-startStop-1] INFO  org.springframework.boot.web.servlet.ServletRegistrationBean- Servlet messageDispatcherServlet mapped to [/services/*]
2018/08/23-11:21 [localhost-startStop-1] INFO  org.springframework.boot.web.servlet.FilterRegistrationBean- Mapping filter: 'characterEncodingFilter' to: [/*]
2018/08/23-11:21 [localhost-startStop-1] INFO  org.springframework.boot.web.servlet.FilterRegistrationBean- Mapping filter: 'hiddenHttpMethodFilter' to: [/*]
2018/08/23-11:21 [localhost-startStop-1] INFO  org.springframework.boot.web.servlet.FilterRegistrationBean- Mapping filter: 'httpPutFormContentFilter' to: [/*]
2018/08/23-11:21 [localhost-startStop-1] INFO  org.springframework.boot.web.servlet.FilterRegistrationBean- Mapping filter: 'requestContextFilter' to: [/*]
2018/08/23-11:21 [restartedMain] INFO  org.springframework.web.servlet.handler.SimpleUrlHandlerMapping- Mapped URL path [/**/favicon.ico] onto handler of type [class org.springframework.web.servlet.resource.ResourceHttpRequestHandler]
2018/08/23-11:21 [restartedMain] INFO  org.springframework.web.servlet.mvc.method.annotation.RequestMappingHandlerAdapter- Looking for @ControllerAdvice: org.springframework.boot.web.servlet.context.AnnotationConfigServletWebServerApplicationContext@1792b091: startup date [Thu Aug 23 11:21:33 CST 2018]; root of context hierarchy
2018/08/23-11:21 [restartedMain] INFO  org.springframework.web.servlet.mvc.method.annotation.RequestMappingHandlerMapping- Mapped "{[/creatUser]}" onto public java.lang.String com.tw.controller.UserController.creatUser(com.tw.entity.User)
2018/08/23-11:21 [restartedMain] INFO  org.springframework.web.servlet.mvc.method.annotation.RequestMappingHandlerMapping- Mapped "{[/queryUser]}" onto public java.util.ArrayList<com.tw.entity.User> com.tw.controller.UserController.queryUser(com.tw.entity.User)
2018/08/23-11:21 [restartedMain] INFO  org.springframework.web.servlet.mvc.method.annotation.RequestMappingHandlerMapping- Mapped "{[/welcome]}" onto public java.lang.String com.tw.controller.WelcomeController.welcome(org.springframework.ui.Model)
2018/08/23-11:21 [restartedMain] INFO  org.springframework.web.servlet.mvc.method.annotation.RequestMappingHandlerMapping- Mapped "{[/error]}" onto public org.springframework.http.ResponseEntity<java.util.Map<java.lang.String, java.lang.Object>> org.springframework.boot.autoconfigure.web.servlet.error.BasicErrorController.error(javax.servlet.http.HttpServletRequest)
2018/08/23-11:21 [restartedMain] INFO  org.springframework.web.servlet.mvc.method.annotation.RequestMappingHandlerMapping- Mapped "{[/error],produces=[text/html]}" onto public org.springframework.web.servlet.ModelAndView org.springframework.boot.autoconfigure.web.servlet.error.BasicErrorController.errorHtml(javax.servlet.http.HttpServletRequest,javax.servlet.http.HttpServletResponse)
2018/08/23-11:21 [restartedMain] INFO  org.springframework.web.servlet.handler.SimpleUrlHandlerMapping- Mapped URL path [/webjars/**] onto handler of type [class org.springframework.web.servlet.resource.ResourceHttpRequestHandler]
2018/08/23-11:21 [restartedMain] INFO  org.springframework.web.servlet.handler.SimpleUrlHandlerMapping- Mapped URL path [/**] onto handler of type [class org.springframework.web.servlet.resource.ResourceHttpRequestHandler]
2018/08/23-11:21 [restartedMain] WARN  org.springframework.boot.autoconfigure.thymeleaf.ThymeleafAutoConfiguration$DefaultTemplateResolverConfiguration- Cannot find template location: classpath:/templates/ (please add some templates or check your Thymeleaf configuration)
2018/08/23-11:21 [restartedMain] WARN  org.thymeleaf.templatemode.TemplateMode- [THYMELEAF][restartedMain] Template Mode 'HTML5' is deprecated. Using Template Mode 'HTML' instead.
2018/08/23-11:21 [restartedMain] INFO  org.springframework.boot.devtools.autoconfigure.OptionalLiveReloadServer- LiveReload server is running on port 35729
2018/08/23-11:21 [restartedMain] INFO  org.springframework.jmx.export.annotation.AnnotationMBeanExporter- Registering beans for JMX exposure on startup
2018/08/23-11:21 [restartedMain] INFO  org.springframework.jmx.export.annotation.AnnotationMBeanExporter- Bean with name 'dataSource' has been autodetected for JMX exposure
2018/08/23-11:21 [restartedMain] INFO  org.springframework.jmx.export.annotation.AnnotationMBeanExporter- Located MBean 'dataSource': registering with JMX server as MBean [com.zaxxer.hikari:name=dataSource,type=HikariDataSource]
2018/08/23-11:21 [restartedMain] INFO  org.springframework.boot.web.embedded.tomcat.TomcatWebServer- Tomcat started on port(s): 1010 (http) with context path ''
2018/08/23-11:21 [restartedMain] INFO  com.tw.RunVideoServer- Started RunVideoServer in 1.17 seconds (JVM running for 91.103)
2018/08/23-11:21 [restartedMain] INFO  org.springframework.boot.devtools.autoconfigure.ConditionEvaluationDeltaLoggingListener- Condition evaluation unchanged
2018/08/23-11:21 [http-nio-1010-exec-9] INFO  org.apache.catalina.core.ContainerBase.[Tomcat].[localhost].[/]- Initializing Spring FrameworkServlet 'dispatcherServlet'
2018/08/23-11:21 [http-nio-1010-exec-9] INFO  org.springframework.web.servlet.DispatcherServlet- FrameworkServlet 'dispatcherServlet': initialization started
2018/08/23-11:21 [http-nio-1010-exec-9] INFO  org.springframework.web.servlet.DispatcherServlet- FrameworkServlet 'dispatcherServlet': initialization completed in 12 ms
2018/08/23-11:21 [http-nio-1010-exec-9] INFO  com.zaxxer.hikari.HikariDataSource- HikariPool-2 - Starting...
2018/08/23-11:21 [http-nio-1010-exec-9] INFO  com.zaxxer.hikari.HikariDataSource- HikariPool-2 - Start completed.
2018/08/23-11:23 [Thread-11] INFO  org.springframework.boot.web.servlet.context.AnnotationConfigServletWebServerApplicationContext- Closing org.springframework.boot.web.servlet.context.AnnotationConfigServletWebServerApplicationContext@1792b091: startup date [Thu Aug 23 11:21:33 CST 2018]; root of context hierarchy
2018/08/23-11:23 [Thread-11] INFO  org.springframework.jmx.export.annotation.AnnotationMBeanExporter- Unregistering JMX-exposed beans on shutdown
2018/08/23-11:23 [Thread-11] INFO  org.springframework.jmx.export.annotation.AnnotationMBeanExporter- Unregistering JMX-exposed beans
2018/08/23-11:23 [Thread-11] INFO  com.zaxxer.hikari.HikariDataSource- HikariPool-2 - Shutdown initiated...
2018/08/23-11:23 [Thread-11] INFO  com.zaxxer.hikari.HikariDataSource- HikariPool-2 - Shutdown completed.
2018/08/23-11:23 [restartedMain] INFO  com.tw.RunVideoServer- Starting RunVideoServer on DS-TS-0239 with PID 5812 (E:\environment\eclipseWorkspace\VideoServer\target\classes started by ex-liutianwen in E:\environment\eclipseWorkspace\VideoServer)
2018/08/23-11:23 [restartedMain] INFO  com.tw.RunVideoServer- No active profile set, falling back to default profiles: default
2018/08/23-11:23 [restartedMain] INFO  org.springframework.boot.web.servlet.context.AnnotationConfigServletWebServerApplicationContext- Refreshing org.springframework.boot.web.servlet.context.AnnotationConfigServletWebServerApplicationContext@383a8b68: startup date [Thu Aug 23 11:23:08 CST 2018]; root of context hierarchy
2018/08/23-11:23 [restartedMain] INFO  org.springframework.context.support.PostProcessorRegistrationDelegate$BeanPostProcessorChecker- Bean 'org.springframework.ws.config.annotation.DelegatingWsConfiguration' of type [org.springframework.ws.config.annotation.DelegatingWsConfiguration$$EnhancerBySpringCGLIB$$b1d8db6e] is not eligible for getting processed by all BeanPostProcessors (for example: not eligible for auto-proxying)
2018/08/23-11:23 [restartedMain] INFO  org.springframework.ws.soap.addressing.server.AnnotationActionEndpointMapping- Supporting [WS-Addressing August 2004, WS-Addressing 1.0]
2018/08/23-11:23 [restartedMain] INFO  org.springframework.boot.web.embedded.tomcat.TomcatWebServer- Tomcat initialized with port(s): 1010 (http)
2018/08/23-11:23 [restartedMain] INFO  org.apache.catalina.core.StandardService- Starting service [Tomcat]
2018/08/23-11:23 [restartedMain] INFO  org.apache.catalina.core.StandardEngine- Starting Servlet Engine: Apache Tomcat/8.5.32
2018/08/23-11:23 [localhost-startStop-1] INFO  org.apache.jasper.servlet.TldScanner- At least one JAR was scanned for TLDs yet contained no TLDs. Enable debug logging for this logger for a complete list of JARs that were scanned but no TLDs were found in them. Skipping unneeded JARs during scanning can improve startup time and JSP compilation time.
2018/08/23-11:23 [localhost-startStop-1] INFO  org.apache.catalina.core.ContainerBase.[Tomcat].[localhost].[/]- Initializing Spring embedded WebApplicationContext
2018/08/23-11:23 [localhost-startStop-1] INFO  org.springframework.web.context.ContextLoader- Root WebApplicationContext: initialization completed in 746 ms
2018/08/23-11:23 [localhost-startStop-1] INFO  org.springframework.boot.web.servlet.ServletRegistrationBean- Servlet dispatcherServlet mapped to [/]
2018/08/23-11:23 [localhost-startStop-1] INFO  org.springframework.boot.web.servlet.ServletRegistrationBean- Servlet messageDispatcherServlet mapped to [/services/*]
2018/08/23-11:23 [localhost-startStop-1] INFO  org.springframework.boot.web.servlet.FilterRegistrationBean- Mapping filter: 'characterEncodingFilter' to: [/*]
2018/08/23-11:23 [localhost-startStop-1] INFO  org.springframework.boot.web.servlet.FilterRegistrationBean- Mapping filter: 'hiddenHttpMethodFilter' to: [/*]
2018/08/23-11:23 [localhost-startStop-1] INFO  org.springframework.boot.web.servlet.FilterRegistrationBean- Mapping filter: 'httpPutFormContentFilter' to: [/*]
2018/08/23-11:23 [localhost-startStop-1] INFO  org.springframework.boot.web.servlet.FilterRegistrationBean- Mapping filter: 'requestContextFilter' to: [/*]
2018/08/23-11:23 [restartedMain] INFO  org.springframework.web.servlet.handler.SimpleUrlHandlerMapping- Mapped URL path [/**/favicon.ico] onto handler of type [class org.springframework.web.servlet.resource.ResourceHttpRequestHandler]
2018/08/23-11:23 [restartedMain] INFO  org.springframework.web.servlet.mvc.method.annotation.RequestMappingHandlerAdapter- Looking for @ControllerAdvice: org.springframework.boot.web.servlet.context.AnnotationConfigServletWebServerApplicationContext@383a8b68: startup date [Thu Aug 23 11:23:08 CST 2018]; root of context hierarchy
2018/08/23-11:23 [restartedMain] INFO  org.springframework.web.servlet.mvc.method.annotation.RequestMappingHandlerMapping- Mapped "{[/creatUser]}" onto public java.lang.String com.tw.controller.UserController.creatUser(com.tw.entity.User)
2018/08/23-11:23 [restartedMain] INFO  org.springframework.web.servlet.mvc.method.annotation.RequestMappingHandlerMapping- Mapped "{[/queryUser]}" onto public java.util.ArrayList<com.tw.entity.User> com.tw.controller.UserController.queryUser(com.tw.entity.User)
2018/08/23-11:23 [restartedMain] INFO  org.springframework.web.servlet.mvc.method.annotation.RequestMappingHandlerMapping- Mapped "{[/welcome]}" onto public java.lang.String com.tw.controller.WelcomeController.welcome(org.springframework.ui.Model)
2018/08/23-11:23 [restartedMain] INFO  org.springframework.web.servlet.mvc.method.annotation.RequestMappingHandlerMapping- Mapped "{[/error]}" onto public org.springframework.http.ResponseEntity<java.util.Map<java.lang.String, java.lang.Object>> org.springframework.boot.autoconfigure.web.servlet.error.BasicErrorController.error(javax.servlet.http.HttpServletRequest)
2018/08/23-11:23 [restartedMain] INFO  org.springframework.web.servlet.mvc.method.annotation.RequestMappingHandlerMapping- Mapped "{[/error],produces=[text/html]}" onto public org.springframework.web.servlet.ModelAndView org.springframework.boot.autoconfigure.web.servlet.error.BasicErrorController.errorHtml(javax.servlet.http.HttpServletRequest,javax.servlet.http.HttpServletResponse)
2018/08/23-11:23 [restartedMain] INFO  org.springframework.web.servlet.handler.SimpleUrlHandlerMapping- Mapped URL path [/webjars/**] onto handler of type [class org.springframework.web.servlet.resource.ResourceHttpRequestHandler]
2018/08/23-11:23 [restartedMain] INFO  org.springframework.web.servlet.handler.SimpleUrlHandlerMapping- Mapped URL path [/**] onto handler of type [class org.springframework.web.servlet.resource.ResourceHttpRequestHandler]
2018/08/23-11:23 [restartedMain] WARN  org.springframework.boot.autoconfigure.thymeleaf.ThymeleafAutoConfiguration$DefaultTemplateResolverConfiguration- Cannot find template location: classpath:/templates/ (please add some templates or check your Thymeleaf configuration)
2018/08/23-11:23 [restartedMain] WARN  org.thymeleaf.templatemode.TemplateMode- [THYMELEAF][restartedMain] Template Mode 'HTML5' is deprecated. Using Template Mode 'HTML' instead.
2018/08/23-11:23 [restartedMain] INFO  org.springframework.boot.devtools.autoconfigure.OptionalLiveReloadServer- LiveReload server is running on port 35729
2018/08/23-11:23 [restartedMain] INFO  org.springframework.jmx.export.annotation.AnnotationMBeanExporter- Registering beans for JMX exposure on startup
2018/08/23-11:23 [restartedMain] INFO  org.springframework.jmx.export.annotation.AnnotationMBeanExporter- Bean with name 'dataSource' has been autodetected for JMX exposure
2018/08/23-11:23 [restartedMain] INFO  org.springframework.jmx.export.annotation.AnnotationMBeanExporter- Located MBean 'dataSource': registering with JMX server as MBean [com.zaxxer.hikari:name=dataSource,type=HikariDataSource]
2018/08/23-11:23 [restartedMain] INFO  org.springframework.boot.web.embedded.tomcat.TomcatWebServer- Tomcat started on port(s): 1010 (http) with context path ''
2018/08/23-11:23 [restartedMain] INFO  com.tw.RunVideoServer- Started RunVideoServer in 1.134 seconds (JVM running for 185.348)
2018/08/23-11:23 [restartedMain] INFO  org.springframework.boot.devtools.autoconfigure.ConditionEvaluationDeltaLoggingListener- Condition evaluation unchanged
2018/08/23-11:23 [http-nio-1010-exec-1] INFO  org.apache.catalina.core.ContainerBase.[Tomcat].[localhost].[/]- Initializing Spring FrameworkServlet 'dispatcherServlet'
2018/08/23-11:23 [http-nio-1010-exec-1] INFO  org.springframework.web.servlet.DispatcherServlet- FrameworkServlet 'dispatcherServlet': initialization started
2018/08/23-11:23 [http-nio-1010-exec-1] INFO  org.springframework.web.servlet.DispatcherServlet- FrameworkServlet 'dispatcherServlet': initialization completed in 3 ms
2018/08/23-11:23 [http-nio-1010-exec-1] INFO  com.zaxxer.hikari.HikariDataSource- HikariPool-3 - Starting...
2018/08/23-11:23 [http-nio-1010-exec-1] INFO  com.zaxxer.hikari.HikariDataSource- HikariPool-3 - Start completed.
2018/08/23-11:24 [Thread-18] INFO  org.springframework.boot.web.servlet.context.AnnotationConfigServletWebServerApplicationContext- Closing org.springframework.boot.web.servlet.context.AnnotationConfigServletWebServerApplicationContext@383a8b68: startup date [Thu Aug 23 11:23:08 CST 2018]; root of context hierarchy
2018/08/23-11:24 [Thread-18] INFO  org.springframework.jmx.export.annotation.AnnotationMBeanExporter- Unregistering JMX-exposed beans on shutdown
2018/08/23-11:24 [Thread-18] INFO  org.springframework.jmx.export.annotation.AnnotationMBeanExporter- Unregistering JMX-exposed beans
2018/08/23-11:24 [Thread-18] INFO  com.zaxxer.hikari.HikariDataSource- HikariPool-3 - Shutdown initiated...
2018/08/23-11:24 [Thread-18] INFO  com.zaxxer.hikari.HikariDataSource- HikariPool-3 - Shutdown completed.
2018/08/23-11:24 [restartedMain] INFO  com.tw.RunVideoServer- Starting RunVideoServer on DS-TS-0239 with PID 5812 (E:\environment\eclipseWorkspace\VideoServer\target\classes started by ex-liutianwen in E:\environment\eclipseWorkspace\VideoServer)
2018/08/23-11:24 [restartedMain] INFO  com.tw.RunVideoServer- No active profile set, falling back to default profiles: default
2018/08/23-11:24 [restartedMain] INFO  org.springframework.boot.web.servlet.context.AnnotationConfigServletWebServerApplicationContext- Refreshing org.springframework.boot.web.servlet.context.AnnotationConfigServletWebServerApplicationContext@791e03a8: startup date [Thu Aug 23 11:24:58 CST 2018]; root of context hierarchy
2018/08/23-11:24 [restartedMain] INFO  org.springframework.context.support.PostProcessorRegistrationDelegate$BeanPostProcessorChecker- Bean 'org.springframework.ws.config.annotation.DelegatingWsConfiguration' of type [org.springframework.ws.config.annotation.DelegatingWsConfiguration$$EnhancerBySpringCGLIB$$b1d8db6e] is not eligible for getting processed by all BeanPostProcessors (for example: not eligible for auto-proxying)
2018/08/23-11:24 [restartedMain] INFO  org.springframework.ws.soap.addressing.server.AnnotationActionEndpointMapping- Supporting [WS-Addressing August 2004, WS-Addressing 1.0]
2018/08/23-11:24 [restartedMain] INFO  org.springframework.boot.web.embedded.tomcat.TomcatWebServer- Tomcat initialized with port(s): 1010 (http)
2018/08/23-11:24 [restartedMain] INFO  org.apache.catalina.core.StandardService- Starting service [Tomcat]
2018/08/23-11:24 [restartedMain] INFO  org.apache.catalina.core.StandardEngine- Starting Servlet Engine: Apache Tomcat/8.5.32
2018/08/23-11:24 [localhost-startStop-1] INFO  org.apache.jasper.servlet.TldScanner- At least one JAR was scanned for TLDs yet contained no TLDs. Enable debug logging for this logger for a complete list of JARs that were scanned but no TLDs were found in them. Skipping unneeded JARs during scanning can improve startup time and JSP compilation time.
2018/08/23-11:24 [localhost-startStop-1] INFO  org.apache.catalina.core.ContainerBase.[Tomcat].[localhost].[/]- Initializing Spring embedded WebApplicationContext
2018/08/23-11:24 [localhost-startStop-1] INFO  org.springframework.web.context.ContextLoader- Root WebApplicationContext: initialization completed in 741 ms
2018/08/23-11:24 [localhost-startStop-1] INFO  org.springframework.boot.web.servlet.ServletRegistrationBean- Servlet dispatcherServlet mapped to [/]
2018/08/23-11:24 [localhost-startStop-1] INFO  org.springframework.boot.web.servlet.ServletRegistrationBean- Servlet messageDispatcherServlet mapped to [/services/*]
2018/08/23-11:24 [localhost-startStop-1] INFO  org.springframework.boot.web.servlet.FilterRegistrationBean- Mapping filter: 'characterEncodingFilter' to: [/*]
2018/08/23-11:24 [localhost-startStop-1] INFO  org.springframework.boot.web.servlet.FilterRegistrationBean- Mapping filter: 'hiddenHttpMethodFilter' to: [/*]
2018/08/23-11:24 [localhost-startStop-1] INFO  org.springframework.boot.web.servlet.FilterRegistrationBean- Mapping filter: 'httpPutFormContentFilter' to: [/*]
2018/08/23-11:24 [localhost-startStop-1] INFO  org.springframework.boot.web.servlet.FilterRegistrationBean- Mapping filter: 'requestContextFilter' to: [/*]
2018/08/23-11:24 [restartedMain] INFO  org.springframework.web.servlet.handler.SimpleUrlHandlerMapping- Mapped URL path [/**/favicon.ico] onto handler of type [class org.springframework.web.servlet.resource.ResourceHttpRequestHandler]
2018/08/23-11:24 [restartedMain] INFO  org.springframework.web.servlet.mvc.method.annotation.RequestMappingHandlerAdapter- Looking for @ControllerAdvice: org.springframework.boot.web.servlet.context.AnnotationConfigServletWebServerApplicationContext@791e03a8: startup date [Thu Aug 23 11:24:58 CST 2018]; root of context hierarchy
2018/08/23-11:24 [restartedMain] INFO  org.springframework.web.servlet.mvc.method.annotation.RequestMappingHandlerMapping- Mapped "{[/creatUser]}" onto public java.lang.String com.tw.controller.UserController.creatUser(com.tw.entity.User)
2018/08/23-11:24 [restartedMain] INFO  org.springframework.web.servlet.mvc.method.annotation.RequestMappingHandlerMapping- Mapped "{[/queryUser]}" onto public java.util.ArrayList<com.tw.entity.User> com.tw.controller.UserController.queryUser(com.tw.entity.User)
2018/08/23-11:24 [restartedMain] INFO  org.springframework.web.servlet.mvc.method.annotation.RequestMappingHandlerMapping- Mapped "{[/welcome]}" onto public java.lang.String com.tw.controller.WelcomeController.welcome(org.springframework.ui.Model)
2018/08/23-11:24 [restartedMain] INFO  org.springframework.web.servlet.mvc.method.annotation.RequestMappingHandlerMapping- Mapped "{[/error]}" onto public org.springframework.http.ResponseEntity<java.util.Map<java.lang.String, java.lang.Object>> org.springframework.boot.autoconfigure.web.servlet.error.BasicErrorController.error(javax.servlet.http.HttpServletRequest)
2018/08/23-11:24 [restartedMain] INFO  org.springframework.web.servlet.mvc.method.annotation.RequestMappingHandlerMapping- Mapped "{[/error],produces=[text/html]}" onto public org.springframework.web.servlet.ModelAndView org.springframework.boot.autoconfigure.web.servlet.error.BasicErrorController.errorHtml(javax.servlet.http.HttpServletRequest,javax.servlet.http.HttpServletResponse)
2018/08/23-11:24 [restartedMain] INFO  org.springframework.web.servlet.handler.SimpleUrlHandlerMapping- Mapped URL path [/webjars/**] onto handler of type [class org.springframework.web.servlet.resource.ResourceHttpRequestHandler]
2018/08/23-11:24 [restartedMain] INFO  org.springframework.web.servlet.handler.SimpleUrlHandlerMapping- Mapped URL path [/**] onto handler of type [class org.springframework.web.servlet.resource.ResourceHttpRequestHandler]
2018/08/23-11:24 [restartedMain] WARN  org.springframework.boot.autoconfigure.thymeleaf.ThymeleafAutoConfiguration$DefaultTemplateResolverConfiguration- Cannot find template location: classpath:/templates/ (please add some templates or check your Thymeleaf configuration)
2018/08/23-11:24 [restartedMain] WARN  org.thymeleaf.templatemode.TemplateMode- [THYMELEAF][restartedMain] Template Mode 'HTML5' is deprecated. Using Template Mode 'HTML' instead.
2018/08/23-11:24 [restartedMain] INFO  org.springframework.boot.devtools.autoconfigure.OptionalLiveReloadServer- LiveReload server is running on port 35729
2018/08/23-11:24 [restartedMain] INFO  org.springframework.jmx.export.annotation.AnnotationMBeanExporter- Registering beans for JMX exposure on startup
2018/08/23-11:24 [restartedMain] INFO  org.springframework.jmx.export.annotation.AnnotationMBeanExporter- Bean with name 'dataSource' has been autodetected for JMX exposure
2018/08/23-11:24 [restartedMain] INFO  org.springframework.jmx.export.annotation.AnnotationMBeanExporter- Located MBean 'dataSource': registering with JMX server as MBean [com.zaxxer.hikari:name=dataSource,type=HikariDataSource]
2018/08/23-11:24 [restartedMain] INFO  org.springframework.boot.web.embedded.tomcat.TomcatWebServer- Tomcat started on port(s): 1010 (http) with context path ''
2018/08/23-11:24 [restartedMain] INFO  com.tw.RunVideoServer- Started RunVideoServer in 1.345 seconds (JVM running for 295.838)
2018/08/23-11:24 [restartedMain] INFO  org.springframework.boot.devtools.autoconfigure.ConditionEvaluationDeltaLoggingListener- Condition evaluation unchanged
2018/08/23-11:25 [http-nio-1010-exec-9] INFO  org.apache.catalina.core.ContainerBase.[Tomcat].[localhost].[/]- Initializing Spring FrameworkServlet 'dispatcherServlet'
2018/08/23-11:25 [http-nio-1010-exec-9] INFO  org.springframework.web.servlet.DispatcherServlet- FrameworkServlet 'dispatcherServlet': initialization started
2018/08/23-11:25 [http-nio-1010-exec-9] INFO  org.springframework.web.servlet.DispatcherServlet- FrameworkServlet 'dispatcherServlet': initialization completed in 2 ms
2018/08/23-11:25 [http-nio-1010-exec-9] INFO  com.zaxxer.hikari.HikariDataSource- HikariPool-4 - Starting...
2018/08/23-11:25 [http-nio-1010-exec-9] INFO  com.zaxxer.hikari.HikariDataSource- HikariPool-4 - Start completed.
2018/08/23-11:26 [Thread-25] INFO  org.springframework.boot.web.servlet.context.AnnotationConfigServletWebServerApplicationContext- Closing org.springframework.boot.web.servlet.context.AnnotationConfigServletWebServerApplicationContext@791e03a8: startup date [Thu Aug 23 11:24:58 CST 2018]; root of context hierarchy
2018/08/23-11:26 [Thread-25] INFO  org.springframework.jmx.export.annotation.AnnotationMBeanExporter- Unregistering JMX-exposed beans on shutdown
2018/08/23-11:26 [Thread-25] INFO  org.springframework.jmx.export.annotation.AnnotationMBeanExporter- Unregistering JMX-exposed beans
2018/08/23-11:26 [Thread-25] INFO  com.zaxxer.hikari.HikariDataSource- HikariPool-4 - Shutdown initiated...
2018/08/23-11:26 [Thread-25] INFO  com.zaxxer.hikari.HikariDataSource- HikariPool-4 - Shutdown completed.
2018/08/23-11:26 [restartedMain] INFO  com.tw.RunVideoServer- Starting RunVideoServer on DS-TS-0239 with PID 5812 (E:\environment\eclipseWorkspace\VideoServer\target\classes started by ex-liutianwen in E:\environment\eclipseWorkspace\VideoServer)
2018/08/23-11:26 [restartedMain] INFO  com.tw.RunVideoServer- No active profile set, falling back to default profiles: default
2018/08/23-11:26 [restartedMain] INFO  org.springframework.boot.web.servlet.context.AnnotationConfigServletWebServerApplicationContext- Refreshing org.springframework.boot.web.servlet.context.AnnotationConfigServletWebServerApplicationContext@3feb7c82: startup date [Thu Aug 23 11:26:47 CST 2018]; root of context hierarchy
2018/08/23-11:26 [restartedMain] INFO  org.springframework.context.support.PostProcessorRegistrationDelegate$BeanPostProcessorChecker- Bean 'org.springframework.ws.config.annotation.DelegatingWsConfiguration' of type [org.springframework.ws.config.annotation.DelegatingWsConfiguration$$EnhancerBySpringCGLIB$$b1d8db6e] is not eligible for getting processed by all BeanPostProcessors (for example: not eligible for auto-proxying)
2018/08/23-11:26 [restartedMain] INFO  org.springframework.ws.soap.addressing.server.AnnotationActionEndpointMapping- Supporting [WS-Addressing August 2004, WS-Addressing 1.0]
2018/08/23-11:26 [restartedMain] INFO  org.springframework.boot.web.embedded.tomcat.TomcatWebServer- Tomcat initialized with port(s): 1010 (http)
2018/08/23-11:26 [restartedMain] INFO  org.apache.catalina.core.StandardService- Starting service [Tomcat]
2018/08/23-11:26 [restartedMain] INFO  org.apache.catalina.core.StandardEngine- Starting Servlet Engine: Apache Tomcat/8.5.32
2018/08/23-11:26 [localhost-startStop-1] INFO  org.apache.jasper.servlet.TldScanner- At least one JAR was scanned for TLDs yet contained no TLDs. Enable debug logging for this logger for a complete list of JARs that were scanned but no TLDs were found in them. Skipping unneeded JARs during scanning can improve startup time and JSP compilation time.
2018/08/23-11:26 [localhost-startStop-1] INFO  org.apache.catalina.core.ContainerBase.[Tomcat].[localhost].[/]- Initializing Spring embedded WebApplicationContext
2018/08/23-11:26 [localhost-startStop-1] INFO  org.springframework.web.context.ContextLoader- Root WebApplicationContext: initialization completed in 641 ms
2018/08/23-11:26 [localhost-startStop-1] INFO  org.springframework.boot.web.servlet.ServletRegistrationBean- Servlet dispatcherServlet mapped to [/]
2018/08/23-11:26 [localhost-startStop-1] INFO  org.springframework.boot.web.servlet.ServletRegistrationBean- Servlet messageDispatcherServlet mapped to [/services/*]
2018/08/23-11:26 [localhost-startStop-1] INFO  org.springframework.boot.web.servlet.FilterRegistrationBean- Mapping filter: 'characterEncodingFilter' to: [/*]
2018/08/23-11:26 [localhost-startStop-1] INFO  org.springframework.boot.web.servlet.FilterRegistrationBean- Mapping filter: 'hiddenHttpMethodFilter' to: [/*]
2018/08/23-11:26 [localhost-startStop-1] INFO  org.springframework.boot.web.servlet.FilterRegistrationBean- Mapping filter: 'httpPutFormContentFilter' to: [/*]
2018/08/23-11:26 [localhost-startStop-1] INFO  org.springframework.boot.web.servlet.FilterRegistrationBean- Mapping filter: 'requestContextFilter' to: [/*]
2018/08/23-11:26 [restartedMain] INFO  org.springframework.web.servlet.handler.SimpleUrlHandlerMapping- Mapped URL path [/**/favicon.ico] onto handler of type [class org.springframework.web.servlet.resource.ResourceHttpRequestHandler]
2018/08/23-11:26 [restartedMain] INFO  org.springframework.web.servlet.mvc.method.annotation.RequestMappingHandlerAdapter- Looking for @ControllerAdvice: org.springframework.boot.web.servlet.context.AnnotationConfigServletWebServerApplicationContext@3feb7c82: startup date [Thu Aug 23 11:26:47 CST 2018]; root of context hierarchy
2018/08/23-11:26 [restartedMain] INFO  org.springframework.web.servlet.mvc.method.annotation.RequestMappingHandlerMapping- Mapped "{[/creatUser]}" onto public java.lang.String com.tw.controller.UserController.creatUser(com.tw.entity.User)
2018/08/23-11:26 [restartedMain] INFO  org.springframework.web.servlet.mvc.method.annotation.RequestMappingHandlerMapping- Mapped "{[/queryUser]}" onto public java.util.ArrayList<com.tw.entity.User> com.tw.controller.UserController.queryUser(com.tw.entity.User)
2018/08/23-11:26 [restartedMain] INFO  org.springframework.web.servlet.mvc.method.annotation.RequestMappingHandlerMapping- Mapped "{[/welcome]}" onto public java.lang.String com.tw.controller.WelcomeController.welcome(org.springframework.ui.Model)
2018/08/23-11:26 [restartedMain] INFO  org.springframework.web.servlet.mvc.method.annotation.RequestMappingHandlerMapping- Mapped "{[/error]}" onto public org.springframework.http.ResponseEntity<java.util.Map<java.lang.String, java.lang.Object>> org.springframework.boot.autoconfigure.web.servlet.error.BasicErrorController.error(javax.servlet.http.HttpServletRequest)
2018/08/23-11:26 [restartedMain] INFO  org.springframework.web.servlet.mvc.method.annotation.RequestMappingHandlerMapping- Mapped "{[/error],produces=[text/html]}" onto public org.springframework.web.servlet.ModelAndView org.springframework.boot.autoconfigure.web.servlet.error.BasicErrorController.errorHtml(javax.servlet.http.HttpServletRequest,javax.servlet.http.HttpServletResponse)
2018/08/23-11:26 [restartedMain] INFO  org.springframework.web.servlet.handler.SimpleUrlHandlerMapping- Mapped URL path [/webjars/**] onto handler of type [class org.springframework.web.servlet.resource.ResourceHttpRequestHandler]
2018/08/23-11:26 [restartedMain] INFO  org.springframework.web.servlet.handler.SimpleUrlHandlerMapping- Mapped URL path [/**] onto handler of type [class org.springframework.web.servlet.resource.ResourceHttpRequestHandler]
2018/08/23-11:26 [restartedMain] WARN  org.springframework.boot.autoconfigure.thymeleaf.ThymeleafAutoConfiguration$DefaultTemplateResolverConfiguration- Cannot find template location: classpath:/templates/ (please add some templates or check your Thymeleaf configuration)
2018/08/23-11:26 [restartedMain] WARN  org.thymeleaf.templatemode.TemplateMode- [THYMELEAF][restartedMain] Template Mode 'HTML5' is deprecated. Using Template Mode 'HTML' instead.
2018/08/23-11:26 [restartedMain] INFO  org.springframework.boot.devtools.autoconfigure.OptionalLiveReloadServer- LiveReload server is running on port 35729
2018/08/23-11:26 [restartedMain] INFO  org.springframework.jmx.export.annotation.AnnotationMBeanExporter- Registering beans for JMX exposure on startup
2018/08/23-11:26 [restartedMain] INFO  org.springframework.jmx.export.annotation.AnnotationMBeanExporter- Bean with name 'dataSource' has been autodetected for JMX exposure
2018/08/23-11:26 [restartedMain] INFO  org.springframework.jmx.export.annotation.AnnotationMBeanExporter- Located MBean 'dataSource': registering with JMX server as MBean [com.zaxxer.hikari:name=dataSource,type=HikariDataSource]
2018/08/23-11:26 [restartedMain] INFO  org.springframework.boot.web.embedded.tomcat.TomcatWebServer- Tomcat started on port(s): 1010 (http) with context path ''
2018/08/23-11:26 [restartedMain] INFO  com.tw.RunVideoServer- Started RunVideoServer in 0.895 seconds (JVM running for 404.262)
2018/08/23-11:26 [restartedMain] INFO  org.springframework.boot.devtools.autoconfigure.ConditionEvaluationDeltaLoggingListener- Condition evaluation unchanged
2018/08/23-11:27 [http-nio-1010-exec-3] INFO  org.apache.catalina.core.ContainerBase.[Tomcat].[localhost].[/]- Initializing Spring FrameworkServlet 'dispatcherServlet'
2018/08/23-11:27 [http-nio-1010-exec-3] INFO  org.springframework.web.servlet.DispatcherServlet- FrameworkServlet 'dispatcherServlet': initialization started
2018/08/23-11:27 [http-nio-1010-exec-3] INFO  org.springframework.web.servlet.DispatcherServlet- FrameworkServlet 'dispatcherServlet': initialization completed in 2 ms
2018/08/23-11:27 [http-nio-1010-exec-3] INFO  com.zaxxer.hikari.HikariDataSource- HikariPool-6 - Starting...
2018/08/23-11:27 [http-nio-1010-exec-3] INFO  com.zaxxer.hikari.HikariDataSource- HikariPool-6 - Start completed.
2018/08/23-11:27 [Thread-39] INFO  org.springframework.boot.web.servlet.context.AnnotationConfigServletWebServerApplicationContext- Closing org.springframework.boot.web.servlet.context.AnnotationConfigServletWebServerApplicationContext@3feb7c82: startup date [Thu Aug 23 11:26:47 CST 2018]; root of context hierarchy
2018/08/23-11:27 [Thread-39] INFO  org.springframework.jmx.export.annotation.AnnotationMBeanExporter- Unregistering JMX-exposed beans on shutdown
2018/08/23-11:27 [Thread-39] INFO  org.springframework.jmx.export.annotation.AnnotationMBeanExporter- Unregistering JMX-exposed beans
2018/08/23-11:27 [Thread-39] INFO  com.zaxxer.hikari.HikariDataSource- HikariPool-6 - Shutdown initiated...
2018/08/23-11:27 [Thread-39] INFO  com.zaxxer.hikari.HikariDataSource- HikariPool-6 - Shutdown completed.
2018/08/23-11:27 [restartedMain] INFO  com.tw.RunVideoServer- Starting RunVideoServer on DS-TS-0239 with PID 5812 (E:\environment\eclipseWorkspace\VideoServer\target\classes started by ex-liutianwen in E:\environment\eclipseWorkspace\VideoServer)
2018/08/23-11:27 [restartedMain] INFO  com.tw.RunVideoServer- No active profile set, falling back to default profiles: default
2018/08/23-11:27 [restartedMain] INFO  org.springframework.boot.web.servlet.context.AnnotationConfigServletWebServerApplicationContext- Refreshing org.springframework.boot.web.servlet.context.AnnotationConfigServletWebServerApplicationContext@41c75248: startup date [Thu Aug 23 11:27:21 CST 2018]; root of context hierarchy
2018/08/23-11:27 [restartedMain] INFO  org.springframework.context.support.PostProcessorRegistrationDelegate$BeanPostProcessorChecker- Bean 'org.springframework.ws.config.annotation.DelegatingWsConfiguration' of type [org.springframework.ws.config.annotation.DelegatingWsConfiguration$$EnhancerBySpringCGLIB$$b1d8db6e] is not eligible for getting processed by all BeanPostProcessors (for example: not eligible for auto-proxying)
2018/08/23-11:27 [restartedMain] INFO  org.springframework.ws.soap.addressing.server.AnnotationActionEndpointMapping- Supporting [WS-Addressing August 2004, WS-Addressing 1.0]
2018/08/23-11:27 [restartedMain] INFO  org.springframework.boot.web.embedded.tomcat.TomcatWebServer- Tomcat initialized with port(s): 1010 (http)
2018/08/23-11:27 [restartedMain] INFO  org.apache.catalina.core.StandardService- Starting service [Tomcat]
2018/08/23-11:27 [restartedMain] INFO  org.apache.catalina.core.StandardEngine- Starting Servlet Engine: Apache Tomcat/8.5.32
2018/08/23-11:27 [localhost-startStop-1] INFO  org.apache.jasper.servlet.TldScanner- At least one JAR was scanned for TLDs yet contained no TLDs. Enable debug logging for this logger for a complete list of JARs that were scanned but no TLDs were found in them. Skipping unneeded JARs during scanning can improve startup time and JSP compilation time.
2018/08/23-11:27 [localhost-startStop-1] INFO  org.apache.catalina.core.ContainerBase.[Tomcat].[localhost].[/]- Initializing Spring embedded WebApplicationContext
2018/08/23-11:27 [localhost-startStop-1] INFO  org.springframework.web.context.ContextLoader- Root WebApplicationContext: initialization completed in 659 ms
2018/08/23-11:27 [localhost-startStop-1] INFO  org.springframework.boot.web.servlet.ServletRegistrationBean- Servlet dispatcherServlet mapped to [/]
2018/08/23-11:27 [localhost-startStop-1] INFO  org.springframework.boot.web.servlet.ServletRegistrationBean- Servlet messageDispatcherServlet mapped to [/services/*]
2018/08/23-11:27 [localhost-startStop-1] INFO  org.springframework.boot.web.servlet.FilterRegistrationBean- Mapping filter: 'characterEncodingFilter' to: [/*]
2018/08/23-11:27 [localhost-startStop-1] INFO  org.springframework.boot.web.servlet.FilterRegistrationBean- Mapping filter: 'hiddenHttpMethodFilter' to: [/*]
2018/08/23-11:27 [localhost-startStop-1] INFO  org.springframework.boot.web.servlet.FilterRegistrationBean- Mapping filter: 'httpPutFormContentFilter' to: [/*]
2018/08/23-11:27 [localhost-startStop-1] INFO  org.springframework.boot.web.servlet.FilterRegistrationBean- Mapping filter: 'requestContextFilter' to: [/*]
2018/08/23-11:27 [restartedMain] INFO  org.springframework.web.servlet.handler.SimpleUrlHandlerMapping- Mapped URL path [/**/favicon.ico] onto handler of type [class org.springframework.web.servlet.resource.ResourceHttpRequestHandler]
2018/08/23-11:27 [restartedMain] INFO  org.springframework.web.servlet.mvc.method.annotation.RequestMappingHandlerAdapter- Looking for @ControllerAdvice: org.springframework.boot.web.servlet.context.AnnotationConfigServletWebServerApplicationContext@41c75248: startup date [Thu Aug 23 11:27:21 CST 2018]; root of context hierarchy
2018/08/23-11:27 [restartedMain] INFO  org.springframework.web.servlet.mvc.method.annotation.RequestMappingHandlerMapping- Mapped "{[/creatUser]}" onto public java.lang.String com.tw.controller.UserController.creatUser(com.tw.entity.User)
2018/08/23-11:27 [restartedMain] INFO  org.springframework.web.servlet.mvc.method.annotation.RequestMappingHandlerMapping- Mapped "{[/queryUser]}" onto public java.util.ArrayList<com.tw.entity.User> com.tw.controller.UserController.queryUser(com.tw.entity.User)
2018/08/23-11:27 [restartedMain] INFO  org.springframework.web.servlet.mvc.method.annotation.RequestMappingHandlerMapping- Mapped "{[/welcome]}" onto public java.lang.String com.tw.controller.WelcomeController.welcome(org.springframework.ui.Model)
2018/08/23-11:27 [restartedMain] INFO  org.springframework.web.servlet.mvc.method.annotation.RequestMappingHandlerMapping- Mapped "{[/error]}" onto public org.springframework.http.ResponseEntity<java.util.Map<java.lang.String, java.lang.Object>> org.springframework.boot.autoconfigure.web.servlet.error.BasicErrorController.error(javax.servlet.http.HttpServletRequest)
2018/08/23-11:27 [restartedMain] INFO  org.springframework.web.servlet.mvc.method.annotation.RequestMappingHandlerMapping- Mapped "{[/error],produces=[text/html]}" onto public org.springframework.web.servlet.ModelAndView org.springframework.boot.autoconfigure.web.servlet.error.BasicErrorController.errorHtml(javax.servlet.http.HttpServletRequest,javax.servlet.http.HttpServletResponse)
2018/08/23-11:27 [restartedMain] INFO  org.springframework.web.servlet.handler.SimpleUrlHandlerMapping- Mapped URL path [/webjars/**] onto handler of type [class org.springframework.web.servlet.resource.ResourceHttpRequestHandler]
2018/08/23-11:27 [restartedMain] INFO  org.springframework.web.servlet.handler.SimpleUrlHandlerMapping- Mapped URL path [/**] onto handler of type [class org.springframework.web.servlet.resource.ResourceHttpRequestHandler]
2018/08/23-11:27 [restartedMain] WARN  org.springframework.boot.autoconfigure.thymeleaf.ThymeleafAutoConfiguration$DefaultTemplateResolverConfiguration- Cannot find template location: classpath:/templates/ (please add some templates or check your Thymeleaf configuration)
2018/08/23-11:27 [restartedMain] WARN  org.thymeleaf.templatemode.TemplateMode- [THYMELEAF][restartedMain] Template Mode 'HTML5' is deprecated. Using Template Mode 'HTML' instead.
2018/08/23-11:27 [restartedMain] INFO  org.springframework.boot.devtools.autoconfigure.OptionalLiveReloadServer- LiveReload server is running on port 35729
2018/08/23-11:27 [restartedMain] INFO  org.springframework.jmx.export.annotation.AnnotationMBeanExporter- Registering beans for JMX exposure on startup
2018/08/23-11:27 [restartedMain] INFO  org.springframework.jmx.export.annotation.AnnotationMBeanExporter- Bean with name 'dataSource' has been autodetected for JMX exposure
2018/08/23-11:27 [restartedMain] INFO  org.springframework.jmx.export.annotation.AnnotationMBeanExporter- Located MBean 'dataSource': registering with JMX server as MBean [com.zaxxer.hikari:name=dataSource,type=HikariDataSource]
2018/08/23-11:27 [restartedMain] INFO  org.springframework.boot.web.embedded.tomcat.TomcatWebServer- Tomcat started on port(s): 1010 (http) with context path ''
2018/08/23-11:27 [restartedMain] INFO  com.tw.RunVideoServer- Started RunVideoServer in 0.947 seconds (JVM running for 438.93)
2018/08/23-11:27 [restartedMain] INFO  org.springframework.boot.devtools.autoconfigure.ConditionEvaluationDeltaLoggingListener- Condition evaluation unchanged
2018/08/23-11:27 [Thread-46] INFO  org.springframework.boot.web.servlet.context.AnnotationConfigServletWebServerApplicationContext- Closing org.springframework.boot.web.servlet.context.AnnotationConfigServletWebServerApplicationContext@41c75248: startup date [Thu Aug 23 11:27:21 CST 2018]; root of context hierarchy
2018/08/23-11:27 [Thread-46] INFO  org.springframework.jmx.export.annotation.AnnotationMBeanExporter- Unregistering JMX-exposed beans on shutdown
2018/08/23-11:27 [Thread-46] INFO  org.springframework.jmx.export.annotation.AnnotationMBeanExporter- Unregistering JMX-exposed beans
2018/08/23-11:27 [restartedMain] INFO  com.tw.RunVideoServer- Starting RunVideoServer on DS-TS-0239 with PID 5812 (E:\environment\eclipseWorkspace\VideoServer\target\classes started by ex-liutianwen in E:\environment\eclipseWorkspace\VideoServer)
2018/08/23-11:27 [restartedMain] INFO  com.tw.RunVideoServer- No active profile set, falling back to default profiles: default
2018/08/23-11:27 [restartedMain] INFO  org.springframework.boot.web.servlet.context.AnnotationConfigServletWebServerApplicationContext- Refreshing org.springframework.boot.web.servlet.context.AnnotationConfigServletWebServerApplicationContext@6b030170: startup date [Thu Aug 23 11:27:33 CST 2018]; root of context hierarchy
2018/08/23-11:27 [restartedMain] INFO  org.springframework.context.support.PostProcessorRegistrationDelegate$BeanPostProcessorChecker- Bean 'org.springframework.ws.config.annotation.DelegatingWsConfiguration' of type [org.springframework.ws.config.annotation.DelegatingWsConfiguration$$EnhancerBySpringCGLIB$$b1d8db6e] is not eligible for getting processed by all BeanPostProcessors (for example: not eligible for auto-proxying)
2018/08/23-11:27 [restartedMain] INFO  org.springframework.ws.soap.addressing.server.AnnotationActionEndpointMapping- Supporting [WS-Addressing August 2004, WS-Addressing 1.0]
2018/08/23-11:27 [restartedMain] INFO  org.springframework.boot.web.embedded.tomcat.TomcatWebServer- Tomcat initialized with port(s): 1010 (http)
2018/08/23-11:27 [restartedMain] INFO  org.apache.catalina.core.StandardService- Starting service [Tomcat]
2018/08/23-11:27 [restartedMain] INFO  org.apache.catalina.core.StandardEngine- Starting Servlet Engine: Apache Tomcat/8.5.32
2018/08/23-11:27 [localhost-startStop-1] INFO  org.apache.jasper.servlet.TldScanner- At least one JAR was scanned for TLDs yet contained no TLDs. Enable debug logging for this logger for a complete list of JARs that were scanned but no TLDs were found in them. Skipping unneeded JARs during scanning can improve startup time and JSP compilation time.
2018/08/23-11:27 [localhost-startStop-1] INFO  org.apache.catalina.core.ContainerBase.[Tomcat].[localhost].[/]- Initializing Spring embedded WebApplicationContext
2018/08/23-11:27 [localhost-startStop-1] INFO  org.springframework.web.context.ContextLoader- Root WebApplicationContext: initialization completed in 634 ms
2018/08/23-11:27 [localhost-startStop-1] INFO  org.springframework.boot.web.servlet.ServletRegistrationBean- Servlet dispatcherServlet mapped to [/]
2018/08/23-11:27 [localhost-startStop-1] INFO  org.springframework.boot.web.servlet.ServletRegistrationBean- Servlet messageDispatcherServlet mapped to [/services/*]
2018/08/23-11:27 [localhost-startStop-1] INFO  org.springframework.boot.web.servlet.FilterRegistrationBean- Mapping filter: 'characterEncodingFilter' to: [/*]
2018/08/23-11:27 [localhost-startStop-1] INFO  org.springframework.boot.web.servlet.FilterRegistrationBean- Mapping filter: 'hiddenHttpMethodFilter' to: [/*]
2018/08/23-11:27 [localhost-startStop-1] INFO  org.springframework.boot.web.servlet.FilterRegistrationBean- Mapping filter: 'httpPutFormContentFilter' to: [/*]
2018/08/23-11:27 [localhost-startStop-1] INFO  org.springframework.boot.web.servlet.FilterRegistrationBean- Mapping filter: 'requestContextFilter' to: [/*]
2018/08/23-11:27 [restartedMain] INFO  org.springframework.web.servlet.handler.SimpleUrlHandlerMapping- Mapped URL path [/**/favicon.ico] onto handler of type [class org.springframework.web.servlet.resource.ResourceHttpRequestHandler]
2018/08/23-11:27 [restartedMain] INFO  org.springframework.web.servlet.mvc.method.annotation.RequestMappingHandlerAdapter- Looking for @ControllerAdvice: org.springframework.boot.web.servlet.context.AnnotationConfigServletWebServerApplicationContext@6b030170: startup date [Thu Aug 23 11:27:33 CST 2018]; root of context hierarchy
2018/08/23-11:27 [restartedMain] INFO  org.springframework.web.servlet.mvc.method.annotation.RequestMappingHandlerMapping- Mapped "{[/creatUser]}" onto public java.lang.String com.tw.controller.UserController.creatUser(com.tw.entity.User)
2018/08/23-11:27 [restartedMain] INFO  org.springframework.web.servlet.mvc.method.annotation.RequestMappingHandlerMapping- Mapped "{[/queryUser]}" onto public java.util.ArrayList<com.tw.entity.User> com.tw.controller.UserController.queryUser(com.tw.entity.User)
2018/08/23-11:27 [restartedMain] INFO  org.springframework.web.servlet.mvc.method.annotation.RequestMappingHandlerMapping- Mapped "{[/welcome]}" onto public java.lang.String com.tw.controller.WelcomeController.welcome(org.springframework.ui.Model)
2018/08/23-11:27 [restartedMain] INFO  org.springframework.web.servlet.mvc.method.annotation.RequestMappingHandlerMapping- Mapped "{[/error]}" onto public org.springframework.http.ResponseEntity<java.util.Map<java.lang.String, java.lang.Object>> org.springframework.boot.autoconfigure.web.servlet.error.BasicErrorController.error(javax.servlet.http.HttpServletRequest)
2018/08/23-11:27 [restartedMain] INFO  org.springframework.web.servlet.mvc.method.annotation.RequestMappingHandlerMapping- Mapped "{[/error],produces=[text/html]}" onto public org.springframework.web.servlet.ModelAndView org.springframework.boot.autoconfigure.web.servlet.error.BasicErrorController.errorHtml(javax.servlet.http.HttpServletRequest,javax.servlet.http.HttpServletResponse)
2018/08/23-11:27 [restartedMain] INFO  org.springframework.web.servlet.handler.SimpleUrlHandlerMapping- Mapped URL path [/webjars/**] onto handler of type [class org.springframework.web.servlet.resource.ResourceHttpRequestHandler]
2018/08/23-11:27 [restartedMain] INFO  org.springframework.web.servlet.handler.SimpleUrlHandlerMapping- Mapped URL path [/**] onto handler of type [class org.springframework.web.servlet.resource.ResourceHttpRequestHandler]
2018/08/23-11:27 [restartedMain] WARN  org.springframework.boot.autoconfigure.thymeleaf.ThymeleafAutoConfiguration$DefaultTemplateResolverConfiguration- Cannot find template location: classpath:/templates/ (please add some templates or check your Thymeleaf configuration)
2018/08/23-11:27 [restartedMain] WARN  org.thymeleaf.templatemode.TemplateMode- [THYMELEAF][restartedMain] Template Mode 'HTML5' is deprecated. Using Template Mode 'HTML' instead.
2018/08/23-11:27 [restartedMain] INFO  org.springframework.boot.devtools.autoconfigure.OptionalLiveReloadServer- LiveReload server is running on port 35729
2018/08/23-11:27 [restartedMain] INFO  org.springframework.jmx.export.annotation.AnnotationMBeanExporter- Registering beans for JMX exposure on startup
2018/08/23-11:27 [restartedMain] INFO  org.springframework.jmx.export.annotation.AnnotationMBeanExporter- Bean with name 'dataSource' has been autodetected for JMX exposure
2018/08/23-11:27 [restartedMain] INFO  org.springframework.jmx.export.annotation.AnnotationMBeanExporter- Located MBean 'dataSource': registering with JMX server as MBean [com.zaxxer.hikari:name=dataSource,type=HikariDataSource]
2018/08/23-11:27 [restartedMain] INFO  org.springframework.boot.web.embedded.tomcat.TomcatWebServer- Tomcat started on port(s): 1010 (http) with context path ''
2018/08/23-11:27 [restartedMain] INFO  com.tw.RunVideoServer- Started RunVideoServer in 0.883 seconds (JVM running for 450.367)
2018/08/23-11:27 [restartedMain] INFO  org.springframework.boot.devtools.autoconfigure.ConditionEvaluationDeltaLoggingListener- Condition evaluation unchanged
2018/08/23-11:27 [http-nio-1010-exec-1] INFO  org.apache.catalina.core.ContainerBase.[Tomcat].[localhost].[/]- Initializing Spring FrameworkServlet 'dispatcherServlet'
2018/08/23-11:27 [http-nio-1010-exec-1] INFO  org.springframework.web.servlet.DispatcherServlet- FrameworkServlet 'dispatcherServlet': initialization started
2018/08/23-11:27 [http-nio-1010-exec-1] INFO  org.springframework.web.servlet.DispatcherServlet- FrameworkServlet 'dispatcherServlet': initialization completed in 3 ms
2018/08/23-11:27 [http-nio-1010-exec-1] INFO  com.zaxxer.hikari.HikariDataSource- HikariPool-7 - Starting...
2018/08/23-11:27 [http-nio-1010-exec-1] INFO  com.zaxxer.hikari.HikariDataSource- HikariPool-7 - Start completed.
2018/08/23-11:29 [Thread-53] INFO  org.springframework.boot.web.servlet.context.AnnotationConfigServletWebServerApplicationContext- Closing org.springframework.boot.web.servlet.context.AnnotationConfigServletWebServerApplicationContext@6b030170: startup date [Thu Aug 23 11:27:33 CST 2018]; root of context hierarchy
2018/08/23-11:29 [Thread-53] INFO  org.springframework.jmx.export.annotation.AnnotationMBeanExporter- Unregistering JMX-exposed beans on shutdown
2018/08/23-11:29 [Thread-53] INFO  org.springframework.jmx.export.annotation.AnnotationMBeanExporter- Unregistering JMX-exposed beans
2018/08/23-11:29 [Thread-53] INFO  com.zaxxer.hikari.HikariDataSource- HikariPool-7 - Shutdown initiated...
2018/08/23-11:29 [Thread-53] INFO  com.zaxxer.hikari.HikariDataSource- HikariPool-7 - Shutdown completed.
2018/08/23-11:29 [restartedMain] INFO  com.tw.RunVideoServer- Starting RunVideoServer on DS-TS-0239 with PID 5812 (E:\environment\eclipseWorkspace\VideoServer\target\classes started by ex-liutianwen in E:\environment\eclipseWorkspace\VideoServer)
2018/08/23-11:29 [restartedMain] INFO  com.tw.RunVideoServer- No active profile set, falling back to default profiles: default
2018/08/23-11:29 [restartedMain] INFO  org.apache.catalina.core.StandardService- Starting service [Tomcat]
2018/08/23-11:29 [restartedMain] INFO  org.apache.catalina.core.StandardEngine- Starting Servlet Engine: Apache Tomcat/8.5.32
2018/08/23-11:29 [localhost-startStop-1] INFO  org.apache.jasper.servlet.TldScanner- At least one JAR was scanned for TLDs yet contained no TLDs. Enable debug logging for this logger for a complete list of JARs that were scanned but no TLDs were found in them. Skipping unneeded JARs during scanning can improve startup time and JSP compilation time.
2018/08/23-11:29 [localhost-startStop-1] INFO  org.apache.catalina.core.ContainerBase.[Tomcat].[localhost].[/]- Initializing Spring embedded WebApplicationContext
2018/08/23-11:29 [restartedMain] WARN  org.springframework.boot.autoconfigure.thymeleaf.ThymeleafAutoConfiguration$DefaultTemplateResolverConfiguration- Cannot find template location: classpath:/templates/ (please add some templates or check your Thymeleaf configuration)
2018/08/23-11:29 [restartedMain] WARN  org.thymeleaf.templatemode.TemplateMode- [THYMELEAF][restartedMain] Template Mode 'HTML5' is deprecated. Using Template Mode 'HTML' instead.
2018/08/23-11:29 [restartedMain] INFO  com.tw.RunVideoServer- Started RunVideoServer in 0.854 seconds (JVM running for 558.327)
2018/08/23-11:29 [restartedMain] INFO  com.tw.RunVideoServer- Starting RunVideoServer on DS-TS-0239 with PID 5812 (E:\environment\eclipseWorkspace\VideoServer\target\classes started by ex-liutianwen in E:\environment\eclipseWorkspace\VideoServer)
2018/08/23-11:29 [restartedMain] INFO  com.tw.RunVideoServer- No active profile set, falling back to default profiles: default
2018/08/23-11:29 [restartedMain] INFO  org.springframework.boot.web.servlet.context.AnnotationConfigServletWebServerApplicationContext- Refreshing org.springframework.boot.web.servlet.context.AnnotationConfigServletWebServerApplicationContext@186aa99a: startup date [Thu Aug 23 11:29:35 CST 2018]; root of context hierarchy
2018/08/23-11:29 [restartedMain] INFO  org.springframework.context.support.PostProcessorRegistrationDelegate$BeanPostProcessorChecker- Bean 'org.springframework.ws.config.annotation.DelegatingWsConfiguration' of type [org.springframework.ws.config.annotation.DelegatingWsConfiguration$$EnhancerBySpringCGLIB$$b1d8db6e] is not eligible for getting processed by all BeanPostProcessors (for example: not eligible for auto-proxying)
2018/08/23-11:29 [restartedMain] INFO  org.springframework.ws.soap.addressing.server.AnnotationActionEndpointMapping- Supporting [WS-Addressing August 2004, WS-Addressing 1.0]
2018/08/23-11:29 [restartedMain] INFO  org.springframework.boot.web.embedded.tomcat.TomcatWebServer- Tomcat initialized with port(s): 1010 (http)
2018/08/23-11:29 [restartedMain] INFO  org.apache.catalina.core.StandardService- Starting service [Tomcat]
2018/08/23-11:29 [restartedMain] INFO  org.apache.catalina.core.StandardEngine- Starting Servlet Engine: Apache Tomcat/8.5.32
2018/08/23-11:29 [localhost-startStop-1] INFO  org.apache.jasper.servlet.TldScanner- At least one JAR was scanned for TLDs yet contained no TLDs. Enable debug logging for this logger for a complete list of JARs that were scanned but no TLDs were found in them. Skipping unneeded JARs during scanning can improve startup time and JSP compilation time.
2018/08/23-11:29 [localhost-startStop-1] INFO  org.apache.catalina.core.ContainerBase.[Tomcat].[localhost].[/]- Initializing Spring embedded WebApplicationContext
2018/08/23-11:29 [localhost-startStop-1] INFO  org.springframework.web.context.ContextLoader- Root WebApplicationContext: initialization completed in 632 ms
2018/08/23-11:29 [localhost-startStop-1] INFO  org.springframework.boot.web.servlet.ServletRegistrationBean- Servlet dispatcherServlet mapped to [/]
2018/08/23-11:29 [localhost-startStop-1] INFO  org.springframework.boot.web.servlet.ServletRegistrationBean- Servlet messageDispatcherServlet mapped to [/services/*]
2018/08/23-11:29 [localhost-startStop-1] INFO  org.springframework.boot.web.servlet.FilterRegistrationBean- Mapping filter: 'characterEncodingFilter' to: [/*]
2018/08/23-11:29 [localhost-startStop-1] INFO  org.springframework.boot.web.servlet.FilterRegistrationBean- Mapping filter: 'hiddenHttpMethodFilter' to: [/*]
2018/08/23-11:29 [localhost-startStop-1] INFO  org.springframework.boot.web.servlet.FilterRegistrationBean- Mapping filter: 'httpPutFormContentFilter' to: [/*]
2018/08/23-11:29 [localhost-startStop-1] INFO  org.springframework.boot.web.servlet.FilterRegistrationBean- Mapping filter: 'requestContextFilter' to: [/*]
2018/08/23-11:29 [restartedMain] INFO  org.springframework.web.servlet.handler.SimpleUrlHandlerMapping- Mapped URL path [/**/favicon.ico] onto handler of type [class org.springframework.web.servlet.resource.ResourceHttpRequestHandler]
2018/08/23-11:29 [restartedMain] INFO  org.springframework.web.servlet.mvc.method.annotation.RequestMappingHandlerAdapter- Looking for @ControllerAdvice: org.springframework.boot.web.servlet.context.AnnotationConfigServletWebServerApplicationContext@186aa99a: startup date [Thu Aug 23 11:29:35 CST 2018]; root of context hierarchy
2018/08/23-11:29 [restartedMain] INFO  org.springframework.web.servlet.mvc.method.annotation.RequestMappingHandlerMapping- Mapped "{[/creatUser]}" onto public java.lang.String com.tw.controller.UserController.creatUser(com.tw.entity.User)
2018/08/23-11:29 [restartedMain] INFO  org.springframework.web.servlet.mvc.method.annotation.RequestMappingHandlerMapping- Mapped "{[/queryUser]}" onto public java.util.ArrayList<com.tw.entity.User> com.tw.controller.UserController.queryUser(com.tw.entity.User)
2018/08/23-11:29 [restartedMain] INFO  org.springframework.web.servlet.mvc.method.annotation.RequestMappingHandlerMapping- Mapped "{[/welcome]}" onto public java.lang.String com.tw.controller.WelcomeController.welcome(org.springframework.ui.Model)
2018/08/23-11:29 [restartedMain] INFO  org.springframework.web.servlet.mvc.method.annotation.RequestMappingHandlerMapping- Mapped "{[/error]}" onto public org.springframework.http.ResponseEntity<java.util.Map<java.lang.String, java.lang.Object>> org.springframework.boot.autoconfigure.web.servlet.error.BasicErrorController.error(javax.servlet.http.HttpServletRequest)
2018/08/23-11:29 [restartedMain] INFO  org.springframework.web.servlet.mvc.method.annotation.RequestMappingHandlerMapping- Mapped "{[/error],produces=[text/html]}" onto public org.springframework.web.servlet.ModelAndView org.springframework.boot.autoconfigure.web.servlet.error.BasicErrorController.errorHtml(javax.servlet.http.HttpServletRequest,javax.servlet.http.HttpServletResponse)
2018/08/23-11:29 [restartedMain] INFO  org.springframework.web.servlet.handler.SimpleUrlHandlerMapping- Mapped URL path [/webjars/**] onto handler of type [class org.springframework.web.servlet.resource.ResourceHttpRequestHandler]
2018/08/23-11:29 [restartedMain] INFO  org.springframework.web.servlet.handler.SimpleUrlHandlerMapping- Mapped URL path [/**] onto handler of type [class org.springframework.web.servlet.resource.ResourceHttpRequestHandler]
2018/08/23-11:29 [restartedMain] WARN  org.springframework.boot.autoconfigure.thymeleaf.ThymeleafAutoConfiguration$DefaultTemplateResolverConfiguration- Cannot find template location: classpath:/templates/ (please add some templates or check your Thymeleaf configuration)
2018/08/23-11:29 [restartedMain] WARN  org.thymeleaf.templatemode.TemplateMode- [THYMELEAF][restartedMain] Template Mode 'HTML5' is deprecated. Using Template Mode 'HTML' instead.
2018/08/23-11:29 [restartedMain] INFO  org.springframework.boot.devtools.autoconfigure.OptionalLiveReloadServer- LiveReload server is running on port 35729
2018/08/23-11:29 [restartedMain] INFO  org.springframework.jmx.export.annotation.AnnotationMBeanExporter- Registering beans for JMX exposure on startup
2018/08/23-11:29 [restartedMain] INFO  org.springframework.jmx.export.annotation.AnnotationMBeanExporter- Bean with name 'dataSource' has been autodetected for JMX exposure
2018/08/23-11:29 [restartedMain] INFO  org.springframework.jmx.export.annotation.AnnotationMBeanExporter- Located MBean 'dataSource': registering with JMX server as MBean [com.zaxxer.hikari:name=dataSource,type=HikariDataSource]
2018/08/23-11:29 [restartedMain] INFO  org.springframework.boot.web.embedded.tomcat.TomcatWebServer- Tomcat started on port(s): 1010 (http) with context path ''
2018/08/23-11:29 [restartedMain] INFO  com.tw.RunVideoServer- Started RunVideoServer in 0.869 seconds (JVM running for 572.799)
2018/08/23-11:29 [restartedMain] INFO  org.springframework.boot.devtools.autoconfigure.ConditionEvaluationDeltaLoggingListener- Condition evaluation unchanged
2018/08/23-11:29 [http-nio-1010-exec-2] INFO  org.apache.catalina.core.ContainerBase.[Tomcat].[localhost].[/]- Initializing Spring FrameworkServlet 'dispatcherServlet'
2018/08/23-11:29 [http-nio-1010-exec-2] INFO  org.springframework.web.servlet.DispatcherServlet- FrameworkServlet 'dispatcherServlet': initialization started
2018/08/23-11:29 [http-nio-1010-exec-2] INFO  org.springframework.web.servlet.DispatcherServlet- FrameworkServlet 'dispatcherServlet': initialization completed in 2 ms
2018/08/23-11:29 [http-nio-1010-exec-2] INFO  com.zaxxer.hikari.HikariDataSource- HikariPool-8 - Starting...
2018/08/23-11:29 [http-nio-1010-exec-2] INFO  com.zaxxer.hikari.HikariDataSource- HikariPool-8 - Start completed.
2018/08/23-11:30 [Thread-67] INFO  org.springframework.boot.web.servlet.context.AnnotationConfigServletWebServerApplicationContext- Closing org.springframework.boot.web.servlet.context.AnnotationConfigServletWebServerApplicationContext@186aa99a: startup date [Thu Aug 23 11:29:35 CST 2018]; root of context hierarchy
2018/08/23-11:30 [Thread-67] INFO  org.springframework.jmx.export.annotation.AnnotationMBeanExporter- Unregistering JMX-exposed beans on shutdown
2018/08/23-11:30 [Thread-67] INFO  org.springframework.jmx.export.annotation.AnnotationMBeanExporter- Unregistering JMX-exposed beans
2018/08/23-11:30 [Thread-67] INFO  com.zaxxer.hikari.HikariDataSource- HikariPool-8 - Shutdown initiated...
2018/08/23-11:30 [Thread-67] INFO  com.zaxxer.hikari.HikariDataSource- HikariPool-8 - Shutdown completed.
